<?xml version="1.0" encoding="UTF-8"?>
<!-- Generated by org.testng.reporters.JUnitXMLReporter -->
<testsuite ignored="0" hostname="Snehal" failures="0" tests="8" name="Test" time="242.235" errors="0" timestamp="2022-05-31T16:17:11 IST">
  <testcase classname="Com.Saucedemo.TestClasses.TC01LoginFunctionality" name="loginFunctionalityTest" time="2.65"/>
  <testcase classname="Com.Saucedemo.TestClasses.TC03SingleProductFunctionality" name="SingleProductFunctionallity" time="44.107"/>
  <testcase classname="Com.Saucedemo.TestClasses.TC05LogOutFunctionality" name="LogoutFunctionality" time="45.024"/>
  <testcase classname="Com.Saucedemo.TestClasses.TC06FilterFunctionality" name="filterFunction" time="46.382"/>
  <testcase classname="Com.Saucedemo.TestClasses.TC04MultipleProductAddToCard" name="multiproduct" time="47.309"/>
  <testcase classname="Com.Saucedemo.TestClasses.TC07CheckOutFunctionality" name="CheckOutFunctionality" time="50.796"/>
  <testcase classname="Com.Saucedemo.TestClasses.TC08CustemorInfo" name="CustomerFunction" time="51.282"/>
  <testcase classname="Com.Saucedemo.TestClasses.TC02AboutClassFunctionality" name="HomePageFunctionality" time="68.257"/>
</testsuite> <!-- Test -->
