<?xml version="1.0" encoding="UTF-8"?>
<testng-results ignored="0" total="8" passed="8" failed="0" skipped="0">
  <reporter-output>
  </reporter-output>
  <suite started-at="2022-05-31T16:13:08 IST" name="Suite" finished-at="2022-05-31T16:17:10 IST" duration-ms="242235">
    <groups>
    </groups>
    <test started-at="2022-05-31T16:13:08 IST" name="Test" finished-at="2022-05-31T16:17:10 IST" duration-ms="242235">
      <class name="Com.Saucedemo.TestClasses.TC02AboutClassFunctionality">
        <test-method is-config="true" signature="setUp(java.lang.String)[pri:0, instance:Com.Saucedemo.TestClasses.TC02AboutClassFunctionality@53fdffa1]" started-at="2022-05-31T16:13:08 IST" name="setUp" finished-at="2022-05-31T16:15:59 IST" duration-ms="170786" status="PASS">
          <params>
            <param index="0">
              <value>
                <![CDATA[chrome]]>
              </value>
            </param>
          </params>
          <reporter-output>
          </reporter-output>
        </test-method> <!-- setUp -->
        <test-method signature="HomePageFunctionality()[pri:0, instance:Com.Saucedemo.TestClasses.TC02AboutClassFunctionality@53fdffa1]" started-at="2022-05-31T16:15:59 IST" name="HomePageFunctionality" finished-at="2022-05-31T16:17:07 IST" duration-ms="68257" status="PASS">
          <reporter-output>
          </reporter-output>
        </test-method> <!-- HomePageFunctionality -->
        <test-method is-config="true" signature="tearDown()[pri:0, instance:Com.Saucedemo.TestClasses.TC02AboutClassFunctionality@53fdffa1]" started-at="2022-05-31T16:17:07 IST" name="tearDown" finished-at="2022-05-31T16:17:10 IST" duration-ms="3050" status="PASS">
          <reporter-output>
          </reporter-output>
        </test-method> <!-- tearDown -->
      </class> <!-- Com.Saucedemo.TestClasses.TC02AboutClassFunctionality -->
      <class name="Com.Saucedemo.TestClasses.TC07CheckOutFunctionality">
        <test-method is-config="true" signature="setUp(java.lang.String)[pri:0, instance:Com.Saucedemo.TestClasses.TC07CheckOutFunctionality@71def8f8]" started-at="2022-05-31T16:13:08 IST" name="setUp" finished-at="2022-05-31T16:15:56 IST" duration-ms="168140" status="PASS">
          <params>
            <param index="0">
              <value>
                <![CDATA[chrome]]>
              </value>
            </param>
          </params>
          <reporter-output>
          </reporter-output>
        </test-method> <!-- setUp -->
        <test-method signature="CheckOutFunctionality()[pri:0, instance:Com.Saucedemo.TestClasses.TC07CheckOutFunctionality@71def8f8]" started-at="2022-05-31T16:15:56 IST" name="CheckOutFunctionality" finished-at="2022-05-31T16:16:47 IST" duration-ms="50796" status="PASS">
          <reporter-output>
          </reporter-output>
        </test-method> <!-- CheckOutFunctionality -->
        <test-method is-config="true" signature="tearDown()[pri:0, instance:Com.Saucedemo.TestClasses.TC07CheckOutFunctionality@71def8f8]" started-at="2022-05-31T16:16:47 IST" name="tearDown" finished-at="2022-05-31T16:17:05 IST" duration-ms="18535" status="PASS">
          <reporter-output>
          </reporter-output>
        </test-method> <!-- tearDown -->
      </class> <!-- Com.Saucedemo.TestClasses.TC07CheckOutFunctionality -->
      <class name="Com.Saucedemo.TestClasses.TC08CustemorInfo">
        <test-method is-config="true" signature="setUp(java.lang.String)[pri:0, instance:Com.Saucedemo.TestClasses.TC08CustemorInfo@5562c41e]" started-at="2022-05-31T16:13:08 IST" name="setUp" finished-at="2022-05-31T16:16:01 IST" duration-ms="172901" status="PASS">
          <params>
            <param index="0">
              <value>
                <![CDATA[chrome]]>
              </value>
            </param>
          </params>
          <reporter-output>
          </reporter-output>
        </test-method> <!-- setUp -->
        <test-method signature="CustomerFunction()[pri:0, instance:Com.Saucedemo.TestClasses.TC08CustemorInfo@5562c41e]" started-at="2022-05-31T16:16:01 IST" name="CustomerFunction" finished-at="2022-05-31T16:16:52 IST" duration-ms="51282" status="PASS">
          <reporter-output>
          </reporter-output>
        </test-method> <!-- CustomerFunction -->
        <test-method is-config="true" signature="tearDown()[pri:0, instance:Com.Saucedemo.TestClasses.TC08CustemorInfo@5562c41e]" started-at="2022-05-31T16:16:52 IST" name="tearDown" finished-at="2022-05-31T16:17:05 IST" duration-ms="13270" status="PASS">
          <reporter-output>
          </reporter-output>
        </test-method> <!-- tearDown -->
      </class> <!-- Com.Saucedemo.TestClasses.TC08CustemorInfo -->
      <class name="Com.Saucedemo.TestClasses.TC05LogOutFunctionality">
        <test-method is-config="true" signature="setUp(java.lang.String)[pri:0, instance:Com.Saucedemo.TestClasses.TC05LogOutFunctionality@4d465b11]" started-at="2022-05-31T16:13:08 IST" name="setUp" finished-at="2022-05-31T16:15:59 IST" duration-ms="170770" status="PASS">
          <params>
            <param index="0">
              <value>
                <![CDATA[chrome]]>
              </value>
            </param>
          </params>
          <reporter-output>
          </reporter-output>
        </test-method> <!-- setUp -->
        <test-method signature="LogoutFunctionality()[pri:0, instance:Com.Saucedemo.TestClasses.TC05LogOutFunctionality@4d465b11]" started-at="2022-05-31T16:15:59 IST" name="LogoutFunctionality" finished-at="2022-05-31T16:16:44 IST" duration-ms="45024" status="PASS">
          <reporter-output>
          </reporter-output>
        </test-method> <!-- LogoutFunctionality -->
        <test-method is-config="true" signature="tearDown()[pri:0, instance:Com.Saucedemo.TestClasses.TC05LogOutFunctionality@4d465b11]" started-at="2022-05-31T16:16:44 IST" name="tearDown" finished-at="2022-05-31T16:17:05 IST" duration-ms="21679" status="PASS">
          <reporter-output>
          </reporter-output>
        </test-method> <!-- tearDown -->
      </class> <!-- Com.Saucedemo.TestClasses.TC05LogOutFunctionality -->
      <class name="Com.Saucedemo.TestClasses.TC04MultipleProductAddToCard">
        <test-method is-config="true" signature="setUp(java.lang.String)[pri:0, instance:Com.Saucedemo.TestClasses.TC04MultipleProductAddToCard@383bfa16]" started-at="2022-05-31T16:13:08 IST" name="setUp" finished-at="2022-05-31T16:15:58 IST" duration-ms="170484" status="PASS">
          <params>
            <param index="0">
              <value>
                <![CDATA[chrome]]>
              </value>
            </param>
          </params>
          <reporter-output>
          </reporter-output>
        </test-method> <!-- setUp -->
        <test-method signature="multiproduct()[pri:0, instance:Com.Saucedemo.TestClasses.TC04MultipleProductAddToCard@383bfa16]" started-at="2022-05-31T16:15:58 IST" name="multiproduct" finished-at="2022-05-31T16:16:46 IST" duration-ms="47309" status="PASS">
          <reporter-output>
          </reporter-output>
        </test-method> <!-- multiproduct -->
        <test-method is-config="true" signature="tearDown()[pri:0, instance:Com.Saucedemo.TestClasses.TC04MultipleProductAddToCard@383bfa16]" started-at="2022-05-31T16:16:46 IST" name="tearDown" finished-at="2022-05-31T16:17:05 IST" duration-ms="19682" status="PASS">
          <reporter-output>
          </reporter-output>
        </test-method> <!-- tearDown -->
      </class> <!-- Com.Saucedemo.TestClasses.TC04MultipleProductAddToCard -->
      <class name="Com.Saucedemo.TestClasses.TC06FilterFunctionality">
        <test-method is-config="true" signature="setUp(java.lang.String)[pri:0, instance:Com.Saucedemo.TestClasses.TC06FilterFunctionality@550ee7e5]" started-at="2022-05-31T16:13:08 IST" name="setUp" finished-at="2022-05-31T16:15:58 IST" duration-ms="170372" status="PASS">
          <params>
            <param index="0">
              <value>
                <![CDATA[chrome]]>
              </value>
            </param>
          </params>
          <reporter-output>
          </reporter-output>
        </test-method> <!-- setUp -->
        <test-method signature="filterFunction()[pri:0, instance:Com.Saucedemo.TestClasses.TC06FilterFunctionality@550ee7e5]" started-at="2022-05-31T16:15:58 IST" name="filterFunction" finished-at="2022-05-31T16:16:45 IST" duration-ms="46382" status="PASS">
          <reporter-output>
          </reporter-output>
        </test-method> <!-- filterFunction -->
        <test-method is-config="true" signature="tearDown()[pri:0, instance:Com.Saucedemo.TestClasses.TC06FilterFunctionality@550ee7e5]" started-at="2022-05-31T16:16:45 IST" name="tearDown" finished-at="2022-05-31T16:17:05 IST" duration-ms="20703" status="PASS">
          <reporter-output>
          </reporter-output>
        </test-method> <!-- tearDown -->
      </class> <!-- Com.Saucedemo.TestClasses.TC06FilterFunctionality -->
      <class name="Com.Saucedemo.TestClasses.TC03SingleProductFunctionality">
        <test-method is-config="true" signature="setUp(java.lang.String)[pri:0, instance:Com.Saucedemo.TestClasses.TC03SingleProductFunctionality@16610890]" started-at="2022-05-31T16:13:08 IST" name="setUp" finished-at="2022-05-31T16:15:56 IST" duration-ms="168379" status="PASS">
          <params>
            <param index="0">
              <value>
                <![CDATA[chrome]]>
              </value>
            </param>
          </params>
          <reporter-output>
          </reporter-output>
        </test-method> <!-- setUp -->
        <test-method signature="SingleProductFunctionallity()[pri:0, instance:Com.Saucedemo.TestClasses.TC03SingleProductFunctionality@16610890]" started-at="2022-05-31T16:15:56 IST" name="SingleProductFunctionallity" finished-at="2022-05-31T16:16:40 IST" duration-ms="44107" status="PASS">
          <reporter-output>
          </reporter-output>
        </test-method> <!-- SingleProductFunctionallity -->
        <test-method is-config="true" signature="tearDown()[pri:0, instance:Com.Saucedemo.TestClasses.TC03SingleProductFunctionality@16610890]" started-at="2022-05-31T16:16:40 IST" name="tearDown" finished-at="2022-05-31T16:17:05 IST" duration-ms="24965" status="PASS">
          <reporter-output>
          </reporter-output>
        </test-method> <!-- tearDown -->
      </class> <!-- Com.Saucedemo.TestClasses.TC03SingleProductFunctionality -->
      <class name="Com.Saucedemo.TestClasses.TC01LoginFunctionality">
        <test-method is-config="true" signature="setUp(java.lang.String)[pri:0, instance:Com.Saucedemo.TestClasses.TC01LoginFunctionality@7133da86]" started-at="2022-05-31T16:13:08 IST" name="setUp" finished-at="2022-05-31T16:15:58 IST" duration-ms="170432" status="PASS">
          <params>
            <param index="0">
              <value>
                <![CDATA[chrome]]>
              </value>
            </param>
          </params>
          <reporter-output>
          </reporter-output>
        </test-method> <!-- setUp -->
        <test-method signature="loginFunctionalityTest()[pri:0, instance:Com.Saucedemo.TestClasses.TC01LoginFunctionality@7133da86]" started-at="2022-05-31T16:15:58 IST" name="loginFunctionalityTest" finished-at="2022-05-31T16:16:01 IST" duration-ms="2650" status="PASS">
          <reporter-output>
          </reporter-output>
        </test-method> <!-- loginFunctionalityTest -->
        <test-method is-config="true" signature="tearDown()[pri:0, instance:Com.Saucedemo.TestClasses.TC01LoginFunctionality@7133da86]" started-at="2022-05-31T16:16:02 IST" name="tearDown" finished-at="2022-05-31T16:17:05 IST" duration-ms="63821" status="PASS">
          <reporter-output>
          </reporter-output>
        </test-method> <!-- tearDown -->
      </class> <!-- Com.Saucedemo.TestClasses.TC01LoginFunctionality -->
    </test> <!-- Test -->
  </suite> <!-- Suite -->
</testng-results>
